1 101 0.6 25.649940360865536 82
2 101 0.6 60.69593998368971 195
3 101 0.6 21.88054733469865 71
4 101 0.6 25.681368701666077 83
5 101 0.6 48.532784653117346 157
6 101 0.6 26.360413538602185 83
7 101 0.6 39.52425988259417 125
8 101 0.6 41.941839735046024 133
9 101 0.6 22.411345178022113 70
10 101 0.6 23.968376580362023 78
11 101 0.6 29.845098814659863 96
12 101 0.6 56.51252663577292 184
13 101 0.6 56.46705589058873 181
14 101 0.6 37.50091803313919 122
15 101 0.6 30.514028984176417 100
16 101 0.6 67.6402883390904 219
17 101 0.6 40.52915410661038 132
18 101 0.6 80.68590143380166 258
19 101 0.6 16.09481510519672 52
20 101 0.6 51.98246094656065 167
21 101 0.6 52.77156712531714 168
22 101 0.6 19.99918038586942 64
23 101 0.6 16.276524902842244 51
24 101 0.6 40.35217048717734 131
25 101 0.6 37.2000278906046 121
26 101 0.6 74.01781992505137 238
27 101 0.6 58.48491548928838 191
28 101 0.6 80.95616786446628 259
29 101 0.6 54.426598796989275 174
30 101 0.6 28.85819272823751 92
31 101 0.6 31.59130783042538 104
32 101 0.6 39.7547794370308 127
33 101 0.6 15.159166418424904 49
34 101 0.6 93.48639200956407 301
35 101 0.6 38.06474421283991 121
36 101 0.6 31.279530213300994 99
37 101 0.6 30.443867169024475 100
38 101 0.6 29.497432630500228 94
39 101 0.6 30.92189291021877 97
40 101 0.6 34.3730419418522 111
41 101 0.6 71.36365051616345 231
42 101 0.6 33.55493490707194 109
43 101 0.6 16.749990159205325 54
44 101 0.6 40.017565741017336 127
45 101 0.6 12.22858485056785 39
46 101 0.6 32.69506684816717 104
47 101 0.6 32.694856811969004 106
48 101 0.6 16.029891899627366 54
49 101 0.6 27.574355942608037 88
50 101 0.6 27.082423794203056 87
51 101 0.6 41.94722604963264 137
52 101 0.6 34.79371312982719 112
53 101 0.6 45.075841688219086 146
54 101 0.6 18.817112724059776 62
55 101 0.6 50.277033574200445 162
56 101 0.6 44.07867500450543 142
57 101 0.6 53.847365367275295 174
58 101 0.6 18.239034821704195 60
59 101 0.6 24.888984489318812 82
60 101 0.6 22.422843648586277 72
61 101 0.6 62.61306818084987 200
62 101 0.6 20.64455005001489 66
63 101 0.6 53.21434450335009 172
64 101 0.6 25.610985246555764 82
65 101 0.6 26.398495100955795 86
66 101 0.6 28.791647416033346 93
67 101 0.6 37.67872588476044 120
68 101 0.6 34.635725437287384 114
69 101 0.6 19.136179800572386 62
70 101 0.6 30.823859864478944 99
71 101 0.6 21.979089592155926 71
72 101 0.6 27.613240309600123 91
73 101 0.6 50.90450346575416 162
74 101 0.6 37.66886115321569 125
75 101 0.6 34.003239308858376 106
76 101 0.6 54.444553465510026 178
77 101 0.6 45.80952589094844 145
78 101 0.6 40.57587014789033 134
79 101 0.6 27.854143179906327 90
80 101 0.6 63.78153491100265 206
81 101 0.6 27.760177945289218 91
82 101 0.6 38.71842629238588 124
83 101 0.6 50.91955947292636 167
84 101 0.6 34.97434095674511 114
85 101 0.6 38.04861126972313 123
86 101 0.6 36.65485631510723 119
87 101 0.6 54.69900161671116 179
88 101 0.6 52.53547532376378 168
89 101 0.6 54.977636291525336 176
90 101 0.6 37.48581719270138 121
91 101 0.6 26.56952720539038 86
92 101 0.6 10.687496347822794 34
93 101 0.6 22.622975246098616 72
94 101 0.6 27.44112687434803 90
95 101 0.6 42.22542047947644 134
96 101 0.6 70.92635044721919 233
97 101 0.6 22.351489344880317 73
98 101 0.6 57.80687937309362 186
99 101 0.6 41.96465528946268 135
100 101 0.6 32.63197540945746 106
101 101 0.6 29.340708788843315 95
102 101 0.6 35.01062219100468 112
103 101 0.6 26.142142018029396 85
104 101 0.6 34.705011888041625 112
105 101 0.6 21.010202020110658 66
106 101 0.6 36.11216434650633 118
107 101 0.6 52.35117415486843 167
108 101 0.6 25.269458747369775 81
109 101 0.6 35.432482413466616 113
110 101 0.6 35.38157057599153 114
111 101 0.6 17.539224167638064 57
112 101 0.6 18.249662857021924 61
113 101 0.6 17.997015075634813 57
114 101 0.6 21.721165889701524 71
115 101 0.6 18.856355998544874 61
116 101 0.6 29.552226111015763 94
117 101 0.6 70.2507240252451 226
118 101 0.6 40.663041341896744 129
119 101 0.6 35.20998836233493 112
120 101 0.6 25.8342241492987 81
121 101 0.6 56.35236833990656 178
122 101 0.6 87.94244516666987 290
123 101 0.6 39.02335826155992 126
124 101 0.6 27.773418501196325 89
125 101 0.6 53.3601827081339 171
126 101 0.6 27.90380595180829 89
127 101 0.6 30.657538210481682 98
128 101 0.6 32.86345801413629 106
129 101 0.6 60.70223064568218 193
130 101 0.6 25.298106197185927 78
131 101 0.6 16.60687145298217 52
132 101 0.6 29.020414168214824 96
133 101 0.6 28.48236469300693 92
134 101 0.6 18.141715047200158 57
135 101 0.6 19.456835582060258 62
136 101 0.6 64.61250598709483 211
137 101 0.6 34.10197987625029 110
138 101 0.6 27.422417346495056 88
139 101 0.6 33.903729167884684 110
140 101 0.6 48.49461427566706 159
141 101 0.6 26.295432774183958 86
142 101 0.6 66.84808721239764 218
143 101 0.6 32.70108454481366 107
144 101 0.6 19.689709175306643 61
145 101 0.6 25.119381850190926 79
146 101 0.6 19.367102816465724 64
147 101 0.6 26.834757302698563 87
148 101 0.6 31.490504819652884 102
149 101 0.6 34.720500191178836 112
150 101 0.6 49.331692498503834 159
151 101 0.6 26.08843012931089 85
152 101 0.6 28.29238969509891 91
153 101 0.6 103.71015444612465 336
154 101 0.6 36.36111543640925 116
155 101 0.6 35.32740032941625 115
156 101 0.6 36.868444407061766 117
157 101 0.6 17.621850565350947 57
158 101 0.6 26.66725976266555 88
159 101 0.6 20.173178228945797 66
160 101 0.6 38.122393776566675 122
161 101 0.6 38.71640422188831 126
162 101 0.6 50.23551867219108 161
163 101 0.6 47.02225336219749 149
164 101 0.6 37.19734878391724 119
165 101 0.6 26.34542070750387 84
166 101 0.6 38.1694822196012 124
167 101 0.6 20.42234233170159 68
168 101 0.6 37.672903472179975 119
169 101 0.6 17.80083630650566 57
170 101 0.6 32.326449975072414 104
171 101 0.6 25.717925110683144 81
172 101 0.6 34.94967563915552 115
173 101 0.6 20.97777609716239 67
174 101 0.6 46.63204866223558 148
175 101 0.6 35.98076161474609 117
176 101 0.6 29.580869952829538 96
177 101 0.6 27.096179428246117 89
178 101 0.6 42.3392733600006 139
179 101 0.6 46.7638367689163 147
180 101 0.6 36.82954466971855 120
181 101 0.6 19.443934806366563 60
182 101 0.6 25.424269221425025 81
183 101 0.6 28.966712585948788 92
184 101 0.6 39.729678964681526 128
185 101 0.6 35.850869573641084 118
186 101 0.6 63.51328677473367 206
187 101 0.6 20.782131991915055 68
188 101 0.6 50.61587157861954 162
189 101 0.6 78.08173480274421 251
190 101 0.6 20.339016333439844 66
191 101 0.6 15.898350559842404 51
192 101 0.6 26.5114014247571 87
193 101 0.6 33.13487919797661 110
194 101 0.6 36.531774626981125 117
195 101 0.6 35.95422802175517 116
196 101 0.6 43.49611361315259 142
197 101 0.6 31.495449715504606 102
198 101 0.6 37.58936809069234 118
199 101 0.6 25.637703297923657 83
200 101 0.6 61.21324309945281 198
201 101 0.6 29.724095193210367 94
202 101 0.6 48.50585040764555 157
203 101 0.6 22.062932293709267 72
204 101 0.6 33.19785104727491 106
205 101 0.6 37.881404180549815 123
206 101 0.6 35.3767719163296 115
207 101 0.6 31.196873789686116 100
208 101 0.6 63.818944234102126 207
209 101 0.6 32.48749753643193 105
210 101 0.6 43.55055493983991 137
211 101 0.6 24.774313378940573 79
212 101 0.6 50.25300259912235 161
213 101 0.6 23.61192099211084 74
214 101 0.6 16.748712988611178 53
215 101 0.6 29.287465063034166 93
216 101 0.6 37.214164067997444 119
217 101 0.6 54.5708169644583 175
218 101 0.6 45.963384126509006 149
219 101 0.6 37.51406916378651 120
220 101 0.6 28.39153965173929 92
221 101 0.6 26.23303617115227 85
222 101 0.6 66.6648478026797 212
223 101 0.6 29.0266637424158 94
224 101 0.6 23.153236857857287 72
225 101 0.6 29.311010047111562 97
226 101 0.6 18.78337249651972 61
227 101 0.6 45.6572082492484 150
228 101 0.6 34.240512143899636 112
229 101 0.6 32.029489575608835 102
230 101 0.6 42.62626350454258 139
231 101 0.6 35.218412808782546 113
232 101 0.6 48.658304674855536 155
233 101 0.6 23.39162800641512 75
234 101 0.6 22.38338483695407 72
235 101 0.6 45.94882539943224 147
236 101 0.6 26.60210144498321 87
237 101 0.6 26.85480668037568 86
238 101 0.6 49.24181643961754 161
239 101 0.6 21.812246312600806 70
240 101 0.6 21.030401939351833 69
241 101 0.6 41.41051658046281 131
242 101 0.6 62.3456496640799 200
243 101 0.6 34.79120788916369 113
244 101 0.6 41.36510335676137 131
245 101 0.6 34.28263080382614 109
246 101 0.6 51.16216855391929 166
247 101 0.6 25.611355602257596 83
248 101 0.6 29.723248179926486 95
249 101 0.6 29.108609639756928 94
250 101 0.6 23.12676633373889 74
251 101 0.6 29.57525691232441 96
252 101 0.6 30.421136799095468 96
253 101 0.6 31.15912184329024 101
254 101 0.6 26.649781356763167 85
255 101 0.6 15.840108388561827 50
256 101 0.6 49.778823684723974 158
257 101 0.6 56.90246205368644 183
258 101 0.6 61.800351982231774 200
259 101 0.6 20.93477537858282 67
260 101 0.6 69.3896444975855 224
261 101 0.6 30.46225828701983 97
262 101 0.6 25.236263762209266 79
263 101 0.6 62.334875637723464 202
264 101 0.6 17.404960448893455 56
265 101 0.6 18.9756105910071 61
266 101 0.6 40.62299736520597 132
267 101 0.6 27.843800135868378 90
268 101 0.6 19.445472234817846 63
269 101 0.6 25.326478511274484 81
270 101 0.6 17.594279787780426 56
271 101 0.6 23.29113003423605 75
272 101 0.6 44.22863183756955 142
273 101 0.6 20.395486434533794 67
274 101 0.6 28.294938874677815 90
275 101 0.6 36.55467934614649 118
276 101 0.6 43.858873758977296 140
277 101 0.6 24.21186576907093 77
278 101 0.6 31.528828779990068 105
279 101 0.6 21.043634491365534 68
280 101 0.6 42.87097496222166 139
281 101 0.6 40.398875229373296 132
282 101 0.6 34.84227955529471 112
283 101 0.6 41.86481906119077 135
284 101 0.6 30.28047347809412 99
285 101 0.6 40.98087077354898 135
286 101 0.6 48.412570032506096 156
287 101 0.6 27.548942764550404 89
288 101 0.6 27.89691785868022 89
289 101 0.6 28.204284240525947 90
290 101 0.6 15.838193223992869 49
291 101 0.6 26.64826123746648 87
292 101 0.6 53.49086311055524 172
293 101 0.6 28.625720910314417 92
294 101 0.6 22.958349420323717 74
295 101 0.6 33.310903441666774 108
296 101 0.6 49.37470419828082 160
297 101 0.6 67.23467262710957 219
298 101 0.6 32.25981564908688 103
299 101 0.6 40.05232959982578 128
300 101 0.6 46.15203836729562 148
301 101 0.6 46.52043666562746 147
302 101 0.6 37.01538377861311 118
303 101 0.6 65.61310138807488 210
304 101 0.6 12.983183015151495 41
305 101 0.6 96.77237087886995 314
306 101 0.6 38.264725476709216 127
307 101 0.6 47.85212778449606 155
308 101 0.6 31.612629327063495 102
309 101 0.6 22.175241958901513 70
310 101 0.6 46.09644366692796 150
311 101 0.6 25.200614568706243 79
312 101 0.6 13.50597940761634 45
313 101 0.6 49.650703570076466 163
314 101 0.6 21.69247446329074 69
315 101 0.6 50.42836197412986 164
316 101 0.6 28.045865280952345 92
317 101 0.6 23.6687683158616 77
318 101 0.6 30.902382364992853 101
319 101 0.6 25.92334379225357 80
320 101 0.6 46.468640966606124 149
321 101 0.6 21.970062631641195 71
322 101 0.6 14.529822569156046 46
323 101 0.6 14.174874405448813 46
324 101 0.6 38.9459420905533 125
325 101 0.6 31.88348904075038 102
326 101 0.6 18.971131746017047 63
327 101 0.6 47.740851643878415 151
328 101 0.6 91.95632098909503 291
329 101 0.6 39.86288226039505 131
330 101 0.6 20.383571616567746 67
331 101 0.6 36.63183716682206 116
332 101 0.6 71.03406203757665 230
333 101 0.6 35.13091141690217 113
334 101 0.6 23.65462676884105 75
335 101 0.6 69.29719184743394 225
336 101 0.6 26.024400505851386 85
337 101 0.6 14.763553572715374 49
338 101 0.6 18.341184129588633 60
339 101 0.6 29.49522494841237 94
340 101 0.6 66.62683838087929 216
341 101 0.6 16.30731918109785 53
342 101 0.6 72.71359810386892 231
343 101 0.6 41.57444304223203 134
344 101 0.6 41.0129558869021 128
345 101 0.6 35.57266946836562 115
346 101 0.6 49.108557595191414 156
347 101 0.6 26.118911085493565 84
348 101 0.6 14.087811596649003 45
349 101 0.6 22.437709032237002 72
350 101 0.6 33.281590820428924 106
351 101 0.6 29.33006272772386 94
352 101 0.6 25.36311343478629 83
353 101 0.6 27.83156289893357 89
354 101 0.6 15.291333280910516 47
355 101 0.6 32.41169333533434 104
356 101 0.6 25.322299391826984 82
357 101 0.6 15.47786151035205 49
358 101 0.6 39.048622964312585 125
359 101 0.6 32.3853048609138 105
360 101 0.6 47.194083917342034 153
361 101 0.6 26.326943921999547 86
362 101 0.6 66.25289824881823 214
363 101 0.6 37.432476957758965 122
364 101 0.6 17.755378484529665 57
365 101 0.6 45.49856640899452 148
366 101 0.6 44.48532410731703 139
367 101 0.6 21.173592199331193 68
368 101 0.6 38.36811069571936 123
369 101 0.6 21.127813006283098 68
370 101 0.6 20.800311868505034 69
371 101 0.6 40.71012591808184 131
372 101 0.6 45.84584135504785 149
373 101 0.6 38.09177785888833 123
374 101 0.6 23.93739806274492 77
375 101 0.6 25.703736807523185 82
376 101 0.6 48.52658656594243 158
377 101 0.6 31.934608412505213 102
378 101 0.6 12.102170403695418 39
379 101 0.6 16.099063416084906 53
380 101 0.6 16.804039306255117 54
381 101 0.6 36.804293320383906 117
382 101 0.6 43.01636826143679 139
383 101 0.6 24.666640501861185 79
384 101 0.6 19.44568868783552 63
385 101 0.6 32.47988701681283 104
386 101 0.6 50.139475964448906 162
387 101 0.6 46.64344845474633 149
388 101 0.6 50.39937816442931 164
389 101 0.6 63.22098120827622 201
390 101 0.6 12.063150914257982 38
391 101 0.6 22.768499207637774 72
392 101 0.6 19.494648981108085 62
393 101 0.6 50.4846530885946 162
394 101 0.6 24.458803369128475 79
395 101 0.6 16.651143816958484 53
396 101 0.6 25.409436375394925 82
397 101 0.6 16.89644970954358 54
398 101 0.6 21.417393095026384 72
399 101 0.6 42.360710309331004 134
400 101 0.6 33.01181662438327 107
401 101 0.6 30.51104239975224 100
402 101 0.6 28.41175373898989 92
403 101 0.6 45.20288365007112 146
404 101 0.6 30.683533309090404 100
405 101 0.6 25.91009535891413 84
406 101 0.6 35.641281250121 117
407 101 0.6 23.54476060093947 75
408 101 0.6 52.18419618230661 167
409 101 0.6 13.759018949327464 44
410 101 0.6 25.599185822833782 82
411 101 0.6 27.046772243345764 85
412 101 0.6 41.092208212583415 131
413 101 0.6 28.23304792074744 91
414 101 0.6 39.832539562242765 129
415 101 0.6 34.79804981728727 111
416 101 0.6 18.828828554093402 62
417 101 0.6 25.950341610233874 84
418 101 0.6 24.16033449213196 77
419 101 0.6 32.12462476416446 104
420 101 0.6 27.159431920774793 87
421 101 0.6 41.56757681200186 132
422 101 0.6 24.580805141502978 80
423 101 0.6 26.513526852718588 88
424 101 0.6 22.071520647360718 71
425 101 0.6 55.414777892673925 176
426 101 0.6 52.146335430337444 168
427 101 0.6 46.77455641449255 150
428 101 0.6 25.15824820779421 81
429 101 0.6 27.179524783601668 88
430 101 0.6 47.509539151150726 151
431 101 0.6 62.11246717688446 200
432 101 0.6 38.12602393992038 122
433 101 0.6 49.10621489322395 159
434 101 0.6 30.099874872862774 99
435 101 0.6 40.002728054005146 130
436 101 0.6 22.139725804613324 71
437 101 0.6 23.937564347706104 77
438 101 0.6 51.91294019069127 166
439 101 0.6 44.015414911968726 141
440 101 0.6 22.525638152945536 72
441 101 0.6 52.26480900679293 171
442 101 0.6 14.979381387588832 49
443 101 0.6 29.335170638746526 94
444 101 0.6 24.37953116484747 76
445 101 0.6 17.030928751008677 54
446 101 0.6 35.197796927654466 114
447 101 0.6 29.279376072819552 96
448 101 0.6 22.3438088613468 73
449 101 0.6 54.297068148651825 174
450 101 0.6 49.206921843873495 162
451 101 0.6 64.12624193216959 207
452 101 0.6 29.647001293569602 94
453 101 0.6 37.284487113147385 120
454 101 0.6 34.14597337427518 110
455 101 0.6 51.26945626990831 168
456 101 0.6 40.967459408539256 131
457 101 0.6 25.266771170576813 79
458 101 0.6 83.44529448113813 264
459 101 0.6 38.112963522981765 122
460 101 0.6 36.147001454245974 117
461 101 0.6 22.405865964611838 71
462 101 0.6 64.83441398163536 211
463 101 0.6 15.622848719628516 50
464 101 0.6 35.5811975795974 114
465 101 0.6 13.364980216124804 43
466 101 0.6 26.732597524634965 88
467 101 0.6 20.474760881938973 65
468 101 0.6 42.763562992413746 135
469 101 0.6 13.942689802993886 44
470 101 0.6 34.701914312234365 113
471 101 0.6 38.95034899749812 125
472 101 0.6 24.71727840368751 78
473 101 0.6 35.04432357977061 111
474 101 0.6 38.11211083231461 122
475 101 0.6 37.1220561432936 120
476 101 0.6 28.821862678847236 94
477 101 0.6 31.020275062962885 100
478 101 0.6 17.824893406721806 57
479 101 0.6 66.19933619181009 213
480 101 0.6 35.316491161859915 112
481 101 0.6 39.11243258707514 127
482 101 0.6 32.48234556459509 105
483 101 0.6 23.476327008160197 77
484 101 0.6 61.7520329930891 199
485 101 0.6 57.91115091704503 185
486 101 0.6 26.19110351316149 84
487 101 0.6 24.74217682428738 80
488 101 0.6 30.957482420803263 101
489 101 0.6 28.771846476683898 91
490 101 0.6 30.678275021266963 99
491 101 0.6 22.56517842696761 74
492 101 0.6 50.310750124720194 164
493 101 0.6 105.24665682336793 337
494 101 0.6 25.711020461053305 83
495 101 0.6 54.74474145883163 179
496 101 0.6 18.288624171551703 59
497 101 0.6 37.912908636556686 125
498 101 0.6 20.091433303400954 63
499 101 0.6 32.35621603947161 103
500 101 0.6 41.76657148571066 137
501 101 0.6 33.06483348419446 107
502 101 0.6 19.74568485176582 64
503 101 0.6 39.723473384986974 127
504 101 0.6 22.90995827485171 72
505 101 0.6 52.76470683974056 167
506 101 0.6 24.706998674149748 79
507 101 0.6 43.25844482517028 141
508 101 0.6 28.10929128902535 92
509 101 0.6 25.350196840619688 82
510 101 0.6 24.011494983937293 76
511 101 0.6 29.0734934144728 95
512 101 0.6 63.136376343010646 204
513 101 0.6 25.40027216450147 83
514 101 0.6 34.82662838634106 113
515 101 0.6 21.92333741078741 71
516 101 0.6 36.308575934408694 117
517 101 0.6 28.40519265515266 92
518 101 0.6 38.78868120387663 124
519 101 0.6 43.4819098567809 137
520 101 0.6 23.0528216858347 74
521 101 0.6 56.23310147088199 181
522 101 0.6 24.36908395765329 77
523 101 0.6 23.977597740530054 77
524 101 0.6 29.879801921971765 95
525 101 0.6 53.046535352597495 171
526 101 0.6 14.89841704828763 48
527 101 0.6 55.07213115713025 177
528 101 0.6 34.30436297394301 114
529 101 0.6 18.968613467134485 62
530 101 0.6 35.48815647602058 112
531 101 0.6 18.398901054579156 59
532 101 0.6 62.825392250564924 200
533 101 0.6 32.92572542827477 104
534 101 0.6 18.82226852586369 59
535 101 0.6 34.91175481591929 113
536 101 0.6 19.2702604431362 59
537 101 0.6 42.03472356415332 133
538 101 0.6 23.64795681130934 75
539 101 0.6 22.796949830341944 73
540 101 0.6 31.76844950210872 102
541 101 0.6 30.01178192434916 96
542 101 0.6 24.697352453830444 79
543 101 0.6 47.7715031711553 155
544 101 0.6 48.20942098519659 157
545 101 0.6 28.998986861453734 93
546 101 0.6 37.943377902288944 123
547 101 0.6 37.23794347818521 120
548 101 0.6 18.900775662891178 60
549 101 0.6 26.257615780651474 86
550 101 0.6 50.81898185585138 164
551 101 0.6 31.83510398248258 103
552 101 0.6 38.45339050692718 127
553 101 0.6 52.49327924647404 168
554 101 0.6 24.663523696167502 79
555 101 0.6 22.915131864790702 75
556 101 0.6 33.041096879807625 104
557 101 0.6 37.89450327783085 123
558 101 0.6 45.634628795877944 145
559 101 0.6 19.509467316924663 63
560 101 0.6 41.73940158162371 136
561 101 0.6 24.931281634029766 79
562 101 0.6 47.69795520892783 152
563 101 0.6 17.92227979555591 58
564 101 0.6 52.01610074703996 167
565 101 0.6 29.869877520911036 98
566 101 0.6 41.14336299879293 132
567 101 0.6 37.50992121745047 121
568 101 0.6 28.782120031776444 92
569 101 0.6 31.351161701732572 102
570 101 0.6 54.90123792579874 174
571 101 0.6 89.98058109101332 288
572 101 0.6 39.79675257525622 127
573 101 0.6 28.5441059636954 93
574 101 0.6 14.698361513747136 47
575 101 0.6 22.459897218611257 73
576 101 0.6 28.6888589359142 92
577 101 0.6 54.38406661533953 171
578 101 0.6 33.08447154343007 105
579 101 0.6 15.626592765345741 52
580 101 0.6 10.380413433872333 34
581 101 0.6 25.782687406745765 82
582 101 0.6 60.9598497077596 200
583 101 0.6 30.825584470909448 98
584 101 0.6 24.135930289938596 76
585 101 0.6 39.87175264428237 130
586 101 0.6 37.85395072391856 122
587 101 0.6 49.04608103341529 157
588 101 0.6 31.30310715903988 100
589 101 0.6 63.518184631211376 207
590 101 0.6 21.27624999373543 68
591 101 0.6 24.916139647024426 79
592 101 0.6 15.57558052117368 47
593 101 0.6 35.767382661935486 113
594 101 0.6 23.631733496088692 76
595 101 0.6 34.03394194451881 109
596 101 0.6 50.52300698868808 163
597 101 0.6 32.75683483410797 103
598 101 0.6 69.67391694261887 226
599 101 0.6 49.85231498682829 162
600 101 0.6 42.0807297107244 133
601 101 0.6 29.07334992684776 93
602 101 0.6 49.217869595000565 157
603 101 0.6 39.86427803027012 129
604 101 0.6 27.73946014958832 89
605 101 0.6 31.292095781921006 102
606 101 0.6 96.72930830373757 317
607 101 0.6 41.91504444870103 135
608 101 0.6 25.868168676848065 86
609 101 0.6 24.17046408287305 78
610 101 0.6 30.57132406060251 98
611 101 0.6 18.759644198482896 61
612 101 0.6 27.13152674194597 86
613 101 0.6 49.83096757972254 162
614 101 0.6 58.38538643857386 185
615 101 0.6 35.695280380946535 115
616 101 0.6 21.388402902480845 68
617 101 0.6 29.192185426765697 93
618 101 0.6 49.8391072947584 158
619 101 0.6 38.585555983504484 122
620 101 0.6 22.097022667520157 71
621 101 0.6 25.734545448253634 83
622 101 0.6 27.686427682830455 90
623 101 0.6 25.353735384204708 81
624 101 0.6 25.40242099820295 83
625 101 0.6 31.382058391323966 101
626 101 0.6 37.290034927488215 122
627 101 0.6 34.658124330843044 111
628 101 0.6 30.90443543715237 98
629 101 0.6 24.225649083523837 75
630 101 0.6 26.937035912427888 88
631 101 0.6 53.609892148367926 174
632 101 0.6 32.854825691431465 106
633 101 0.6 25.422892360603335 82
634 101 0.6 33.61950648690721 110
635 101 0.6 25.55102124866 84
636 101 0.6 87.00246924194843 274
637 101 0.6 28.285225981067438 89
638 101 0.6 27.972855654512347 92
639 101 0.6 57.00514261506378 185
640 101 0.6 24.48622476999884 79
641 101 0.6 17.06477580385017 53
642 101 0.6 29.86558959387282 96
643 101 0.6 17.26458356709703 55
644 101 0.6 61.08566316679605 198
645 101 0.6 25.05845880332129 79
646 101 0.6 55.689342856848754 180
647 101 0.6 28.313746866770632 92
648 101 0.6 25.193838635015897 80
649 101 0.6 23.104410288499814 75
650 101 0.6 14.281572983743892 46
651 101 0.6 35.15550175526956 111
652 101 0.6 21.964079694640166 71
653 101 0.6 31.582520017284843 102
654 101 0.6 47.75513300915561 156
655 101 0.6 48.556824213111994 156
656 101 0.6 18.51261137331422 60
657 101 0.6 25.44514050488478 81
658 101 0.6 47.691190876228866 151
659 101 0.6 39.05942964659175 126
660 101 0.6 17.79262550360081 57
661 101 0.6 48.15105010641896 154
662 101 0.6 44.12256653997024 142
663 101 0.6 31.256098525687822 100
664 101 0.6 49.31763895294827 163
665 101 0.6 76.98620954335134 249
666 101 0.6 27.58703842551932 90
667 101 0.6 16.695143262822366 52
668 101 0.6 26.225038656896906 85
669 101 0.6 35.94740261667916 116
670 101 0.6 37.26128015947213 120
671 101 0.6 25.096446324376593 82
672 101 0.6 51.93279782927287 168
673 101 0.6 24.757229018863313 79
674 101 0.6 26.19724970651293 85
675 101 0.6 26.47361057389029 83
676 101 0.6 59.49247933042181 190
677 101 0.6 31.2151592114145 98
678 101 0.6 21.06376161740307 67
679 101 0.6 14.869056908598125 47
680 101 0.6 36.33284362958574 118
681 101 0.6 34.8471166053084 112
682 101 0.6 34.844726002060035 113
683 101 0.6 24.020795395526967 76
684 101 0.6 65.94357400593582 210
685 101 0.6 57.23348435479067 185
686 101 0.6 45.07699107454233 145
687 101 0.6 21.667169390991504 71
688 101 0.6 38.868736615701344 126
689 101 0.6 23.780636311471994 77
690 101 0.6 42.04878867977917 135
691 101 0.6 13.753471686713233 45
692 101 0.6 47.05970375147096 152
693 101 0.6 39.207466730215906 125
694 101 0.6 27.068162855318267 86
695 101 0.6 25.63197390944094 82
696 101 0.6 29.927649938948647 96
697 101 0.6 20.65227899016877 66
698 101 0.6 21.324910060107165 69
699 101 0.6 25.12670246250162 77
700 101 0.6 23.76590732098692 75
701 101 0.6 44.185325787291504 143
702 101 0.6 73.53149434809134 238
703 101 0.6 70.55141237449494 229
704 101 0.6 31.83224587845073 104
705 101 0.6 47.92700959706616 149
706 101 0.6 40.3901475276552 132
707 101 0.6 33.22351386257481 108
708 101 0.6 71.28465361414011 234
709 101 0.6 45.95716885212636 151
710 101 0.6 30.011071318596557 97
711 101 0.6 48.11275948812127 153
712 101 0.6 53.262778793246966 170
713 101 0.6 23.711636813397938 74
714 101 0.6 35.36142790123124 114
715 101 0.6 65.08677855689176 205
716 101 0.6 38.542256512091946 123
717 101 0.6 43.75774622110787 141
718 101 0.6 11.987336595862319 40
719 101 0.6 48.28793505233224 154
720 101 0.6 44.44559647549633 143
721 101 0.6 21.1119188604683 69
722 101 0.6 30.52935071550508 97
723 101 0.6 23.528031955641584 76
724 101 0.6 34.494485470756075 113
725 101 0.6 20.43317545880526 64
726 101 0.6 39.65206607808505 129
727 101 0.6 34.84652539661442 109
728 101 0.6 40.883340591698996 133
729 101 0.6 18.222298257245306 57
730 101 0.6 21.459958738189478 71
731 101 0.6 25.49812428849026 83
732 101 0.6 49.25101687123714 162
733 101 0.6 15.735134181624804 51
734 101 0.6 37.99986856271396 119
735 101 0.6 48.98331688833605 156
736 101 0.6 31.331401088338872 101
737 101 0.6 20.609311961679907 68
738 101 0.6 37.87895965331824 119
739 101 0.6 57.13913504027754 184
740 101 0.6 22.29245339669999 71
741 101 0.6 25.7196380278497 85
742 101 0.6 48.56807237906148 156
743 101 0.6 17.823213907152798 56
744 101 0.6 59.937811202229724 195
745 101 0.6 31.6305569656902 101
746 101 0.6 29.28134887927983 95
747 101 0.6 34.10144222725937 110
748 101 0.6 35.33256749961363 113
749 101 0.6 70.80235411261302 229
750 101 0.6 77.58303411937088 250
751 101 0.6 14.825708223094773 48
752 101 0.6 33.95924609777509 109
753 101 0.6 56.94722063979287 183
754 101 0.6 47.69493945390092 155
755 101 0.6 63.630220917684206 208
756 101 0.6 49.966015354683314 159
757 101 0.6 17.068360151703654 55
758 101 0.6 28.198942637787695 92
759 101 0.6 28.579447473773865 93
760 101 0.6 13.787899162481809 45
761 101 0.6 50.42534598375622 163
762 101 0.6 38.06194702766098 124
763 101 0.6 30.996198207659393 102
764 101 0.6 23.825159609195044 74
765 101 0.6 35.191602815766714 114
766 101 0.6 32.04091372783928 105
767 101 0.6 27.902908530777562 88
768 101 0.6 40.302104149792996 129
769 101 0.6 58.03761512414026 187
770 101 0.6 25.358377905582 81
771 101 0.6 35.95889129556948 114
772 101 0.6 33.83186821044979 108
773 101 0.6 20.072541232781628 64
774 101 0.6 32.8438650866533 105
775 101 0.6 50.52238991889751 163
776 101 0.6 22.6384580206064 75
777 101 0.6 59.53909365971561 192
778 101 0.6 38.740859349526396 123
779 101 0.6 23.769373096625245 77
780 101 0.6 26.212739479790596 87
781 101 0.6 50.71923837099047 162
782 101 0.6 50.02166622492676 164
783 101 0.6 33.98307950487254 109
784 101 0.6 31.897724058947016 103
785 101 0.6 35.154989756188456 113
786 101 0.6 20.84914636065315 67
787 101 0.6 82.61156437304429 264
788 101 0.6 15.604473277447251 51
789 101 0.6 27.033695392290728 86
790 101 0.6 29.59959140623808 97
791 101 0.6 32.945571102737624 107
792 101 0.6 27.021921866898357 86
793 101 0.6 25.42688178862934 82
794 101 0.6 33.16517732824343 106
795 101 0.6 58.47162870437372 185
796 101 0.6 40.1537716020313 127
797 101 0.6 22.69950560568036 73
798 101 0.6 37.637883625096606 120
799 101 0.6 16.422024061253065 52
800 101 0.6 21.23880922929432 68
801 101 0.6 48.1289077877347 158
802 101 0.6 36.34640953931364 116
803 101 0.6 53.14411537009852 171
804 101 0.6 67.0470620725788 216
805 101 0.6 49.2199965132254 158
806 101 0.6 32.57619521122223 107
807 101 0.6 17.17389157791165 57
808 101 0.6 38.26990039651977 120
809 101 0.6 35.3520351582713 115
810 101 0.6 43.385879588770905 141
811 101 0.6 30.403051438363242 96
812 101 0.6 22.668406839898562 73
813 101 0.6 21.491741163283145 68
814 101 0.6 25.32247770104521 81
815 101 0.6 21.960773195836452 70
816 101 0.6 30.875011245561904 100
817 101 0.6 74.3277246000219 242
818 101 0.6 19.943948855732742 62
819 101 0.6 21.925291413374346 70
820 101 0.6 44.20147546764295 144
821 101 0.6 14.538729902687873 47
822 101 0.6 25.581873912074865 80
823 101 0.6 39.31652780207314 124
824 101 0.6 15.103963349526401 47
825 101 0.6 38.93691114833744 127
826 101 0.6 33.41515164160996 106
827 101 0.6 62.13680398964586 196
828 101 0.6 34.49895404204822 111
829 101 0.6 60.45730534407753 195
830 101 0.6 23.910219104540417 72
831 101 0.6 22.714663606071042 74
832 101 0.6 21.7307251139481 70
833 101 0.6 24.475144045925425 78
834 101 0.6 52.62628411286585 173
835 101 0.6 36.262072421727595 119
836 101 0.6 67.27824550082828 218
837 101 0.6 31.402273612356307 101
838 101 0.6 54.99996079978804 176
839 101 0.6 34.377367000330466 111
840 101 0.6 22.30321302856541 71
841 101 0.6 13.745397724376893 45
842 101 0.6 57.03452909686965 182
843 101 0.6 40.66553949124122 129
844 101 0.6 64.27259245829384 207
845 101 0.6 95.79084101030863 307
846 101 0.6 58.8944481363904 193
847 101 0.6 39.372533215546206 126
848 101 0.6 21.49055178989449 68
849 101 0.6 29.865044582576466 98
850 101 0.6 36.24094434792039 116
851 101 0.6 38.978824804242365 126
852 101 0.6 34.58384838868942 111
853 101 0.6 38.74127657636394 127
854 101 0.6 23.382189678270784 75
855 101 0.6 14.178006214892331 44
856 101 0.6 30.561262874459352 98
857 101 0.6 25.56757432307701 82
858 101 0.6 23.98955271838548 76
859 101 0.6 50.841985121844594 161
860 101 0.6 29.29191860986169 93
861 101 0.6 37.495033300114954 120
862 101 0.6 36.03568530641596 117
863 101 0.6 13.157737046360575 42
864 101 0.6 9.330672027940436 29
865 101 0.6 27.863433184542238 89
866 101 0.6 30.185166989484085 99
867 101 0.6 53.52414289616277 175
868 101 0.6 71.22462102021275 232
869 101 0.6 29.53373112868746 93
870 101 0.6 41.66023200626515 134
871 101 0.6 23.75150648031446 77
872 101 0.6 46.238520071645276 151
873 101 0.6 17.9214069432578 58
874 101 0.6 21.467800155749586 69
875 101 0.6 45.89821799592387 148
876 101 0.6 40.340904022366665 129
877 101 0.6 26.21638795835261 84
878 101 0.6 27.768658371254986 91
879 101 0.6 51.02446681217467 164
880 101 0.6 37.8182039776698 119
881 101 0.6 49.2054523762867 157
882 101 0.6 36.19878789744459 116
883 101 0.6 33.26815557943291 108
884 101 0.6 27.152650755668844 88
885 101 0.6 22.958089314169307 72
886 101 0.6 27.976716391724313 89
887 101 0.6 27.465294965518424 86
888 101 0.6 27.249183503878072 88
889 101 0.6 20.318161956240647 66
890 101 0.6 27.804042197123966 87
891 101 0.6 38.07648409339351 123
892 101 0.6 27.013916982323103 87
893 101 0.6 55.21608022900055 179
894 101 0.6 29.660906722977195 95
895 101 0.6 39.92361242487841 127
896 101 0.6 55.535680446119926 180
897 101 0.6 50.47866873485094 162
898 101 0.6 16.654356132371223 52
899 101 0.6 30.89288000771541 101
900 101 0.6 34.778572594853905 110
901 101 0.6 28.25642865087227 93
902 101 0.6 37.458956796628016 120
903 101 0.6 57.21361178918493 183
904 101 0.6 37.98624665118069 124
905 101 0.6 48.76645982429236 155
906 101 0.6 55.03374389435906 177
907 101 0.6 39.70730395414482 128
908 101 0.6 21.49145538006175 70
909 101 0.6 55.9925132390491 179
910 101 0.6 25.90145618619911 84
911 101 0.6 48.03029045647191 157
912 101 0.6 45.46585884773732 146
913 101 0.6 35.26737869978838 113
914 101 0.6 33.16664143429577 107
915 101 0.6 18.254765630839472 61
916 101 0.6 21.90886329772126 70
917 101 0.6 42.644133409227635 139
918 101 0.6 54.55600557302064 173
919 101 0.6 18.592366295989645 59
920 101 0.6 46.48489833976149 152
921 101 0.6 53.537181488447565 174
922 101 0.6 34.98214234823997 112
923 101 0.6 54.86891139058855 176
924 101 0.6 33.20616924544293 109
925 101 0.6 55.337934905797674 178
926 101 0.6 21.894724955848893 71
927 101 0.6 34.86839875020152 112
928 101 0.6 30.78033077024076 99
929 101 0.6 95.78771373473363 307
930 101 0.6 49.65564639493329 161
931 101 0.6 32.965761810361656 107
932 101 0.6 39.057049006072155 122
933 101 0.6 46.16460698954366 149
934 101 0.6 23.24066801501832 74
935 101 0.6 47.38724632721539 153
936 101 0.6 19.560121180437314 63
937 101 0.6 33.07393901107219 110
938 101 0.6 25.020931726377086 80
939 101 0.6 45.2669171007172 146
940 101 0.6 35.13771665504352 113
941 101 0.6 46.373911964946394 148
942 101 0.6 17.816125521023892 57
943 101 0.6 33.460350168033095 109
944 101 0.6 12.392440073949007 41
945 101 0.6 59.57017570779903 190
946 101 0.6 20.641795050258192 66
947 101 0.6 54.64823128696238 175
948 101 0.6 78.06315585809388 253
949 101 0.6 35.466545342794234 115
950 101 0.6 28.088568762746956 91
951 101 0.6 67.19734035248304 216
952 101 0.6 37.032316260604595 119
953 101 0.6 18.859131446954674 59
954 101 0.6 29.260184857663983 93
955 101 0.6 50.310285233501034 165
956 101 0.6 40.233671752240035 129
957 101 0.6 13.736286592030106 45
958 101 0.6 40.101161651056536 129
959 101 0.6 30.434497619741748 96
960 101 0.6 26.139970319043147 84
961 101 0.6 32.13008835875346 104
962 101 0.6 65.73865711911762 209
963 101 0.6 40.20873862613884 131
964 101 0.6 29.676838971709596 96
965 101 0.6 15.484364837784135 50
966 101 0.6 52.78141063212029 168
967 101 0.6 15.807834754618758 54
968 101 0.6 32.07990143081901 106
969 101 0.6 26.470624155484153 85
970 101 0.6 30.19856915135093 97
971 101 0.6 25.57172953343104 79
972 101 0.6 46.098253574581136 150
973 101 0.6 30.175398063883122 97
974 101 0.6 26.204364837171752 84
975 101 0.6 33.25529148757523 107
976 101 0.6 13.726253787700607 44
977 101 0.6 45.25292917568206 145
978 101 0.6 62.75885792612871 204
979 101 0.6 48.910276596253325 158
980 101 0.6 33.9790729986913 108
981 101 0.6 34.077145335532215 110
982 101 0.6 40.96175107030699 133
983 101 0.6 37.16445661412985 117
984 101 0.6 28.360145153174557 93
985 101 0.6 15.912723851463 52
986 101 0.6 35.70153046215747 115
987 101 0.6 62.70175280084449 204
988 101 0.6 29.590804670868785 95
989 101 0.6 33.085228214470646 108
990 101 0.6 30.494051690669625 99
991 101 0.6 22.99762320235791 75
992 101 0.6 30.93911460616688 99
993 101 0.6 33.71542742531141 108
994 101 0.6 42.724198041336045 138
995 101 0.6 31.99167223743958 104
996 101 0.6 32.705026636404504 105
997 101 0.6 21.09281866443192 68
998 101 0.6 30.418577072093655 98
999 101 0.6 42.315944145715356 133
1000 101 0.6 50.96307442127506 163
